c:\users\choetaebin\source\repos\oop 1 project\x64\debug\vc143.pdb
c:\users\choetaebin\source\repos\oop 1 project\x64\debug\vc143.idb
c:\users\choetaebin\source\repos\oop 1 project\x64\debug\rect.obj
c:\users\choetaebin\source\repos\oop 1 project\x64\debug\paintframe.obj
c:\users\choetaebin\source\repos\oop 1 project\x64\debug\main.obj
c:\users\choetaebin\source\repos\oop 1 project\x64\debug\line.obj
c:\users\choetaebin\source\repos\oop 1 project\x64\debug\figure.obj
c:\users\choetaebin\source\repos\oop 1 project\x64\debug\ellipse.obj
c:\users\choetaebin\source\repos\oop 1 project\x64\debug\setshapeactionlistener.obj
c:\users\choetaebin\source\repos\oop 1 project\x64\debug\groupactionlistener.obj
c:\users\choetaebin\source\repos\oop 1 project\x64\debug\gridactionlistener.obj
c:\users\choetaebin\source\repos\oop 1 project\x64\debug\figurestuff.obj
c:\users\choetaebin\source\repos\oop 1 project\x64\debug\figuregroup.obj
c:\users\choetaebin\source\repos\oop 1 project\x64\debug\paintpanel.obj
c:\users\choetaebin\source\repos\oop 1 project\x64\debug\paintermain.obj
c:\users\choetaebin\source\repos\oop 1 project\x64\debug\paintdialog.obj
c:\users\choetaebin\source\repos\oop 1 project\x64\debug\colorbutton.obj
c:\users\choetaebin\source\repos\oop 1 project\x64\debug\painter.exe
c:\users\choetaebin\source\repos\oop 1 project\x64\debug\painter.ilk
c:\users\choetaebin\source\repos\oop 1 project\x64\debug\painter.pdb
c:\users\choetaebin\source\repos\oop 1 project\x64\debug\painttoolbar.obj
c:\users\choetaebin\source\repos\oop 1 project\x64\debug\mmfc.idb
c:\users\choetaebin\source\repos\oop 1 project\x64\debug\mymfc.idb
c:\users\choetaebin\source\repos\oop 1 project\x64\debug\calculator.pdb
c:\users\choetaebin\source\repos\oop 1 project\x64\debug\mmfc.pdb
c:\users\choetaebin\source\repos\oop 1 project\x64\debug\mymfc.pdb
c:\users\choetaebin\source\repos\oop 1 project\x64\debug\painter.tlog\cl.command.1.tlog
c:\users\choetaebin\source\repos\oop 1 project\x64\debug\painter.tlog\cl.read.1.tlog
c:\users\choetaebin\source\repos\oop 1 project\x64\debug\painter.tlog\cl.write.1.tlog
c:\users\choetaebin\source\repos\oop 1 project\x64\debug\painter.tlog\link.command.1.tlog
c:\users\choetaebin\source\repos\oop 1 project\x64\debug\painter.tlog\link.read.1.tlog
c:\users\choetaebin\source\repos\oop 1 project\x64\debug\painter.tlog\link.write.1.tlog
