  AbstractButton.cpp
  ActionListener.cpp
  button.cpp
C:\Users\choetaebin\source\repos\oop 1 project\MMFC\button.cpp(12,71): warning C4267: '인수': 'size_t'에서 'int'(으)로 변환하면서 데이터가 손실될 수 있습니다.
  checkBox.cpp
C:\Users\choetaebin\source\repos\oop 1 project\MMFC\checkBox.cpp(17,69): warning C4267: '인수': 'size_t'에서 'int'(으)로 변환하면서 데이터가 손실될 수 있습니다.
  component.cpp
  Container.cpp
C:\Users\choetaebin\source\repos\oop 1 project\MMFC\Container.cpp(65,14): warning C4101: 'temp' :참조되지 않은 지역 변수입니다.
  Dialog.cpp
  frame.cpp
C:\Users\choetaebin\source\repos\oop 1 project\MMFC\frame.cpp(97,48): warning C4302: '형식 캐스트': 'LPWSTR'에서 'WORD'(으)로 잘립니다.
  Misc.cpp
  MouseListener.cpp
  Panel.cpp
  StaticText.cpp
C:\Users\choetaebin\source\repos\oop 1 project\MMFC\StaticText.cpp(17,73): warning C4267: '인수': 'size_t'에서 'int'(으)로 변환하면서 데이터가 손실될 수 있습니다.
  ToolBar.cpp
  코드를 생성하고 있습니다...
C:\Users\choetaebin\source\repos\oop 1 project\MMFC\frame.cpp(45): warning C4715: 'WndProc': 모든 제어 경로에서 값을 반환하지는 않습니다.
  MMFC.vcxproj -> C:\Users\choetaebin\source\repos\oop 1 project\x64\Debug\MMFC.lib
