c:\users\choetaebin\source\repos\oop 1 project\x64\debug\mmfc.pdb
c:\users\choetaebin\source\repos\oop 1 project\x64\debug\mmfc.idb
c:\users\choetaebin\source\repos\oop 1 project\mmfc\x64\debug\toolbar.obj
c:\users\choetaebin\source\repos\oop 1 project\mmfc\x64\debug\statictext.obj
c:\users\choetaebin\source\repos\oop 1 project\mmfc\x64\debug\panel.obj
c:\users\choetaebin\source\repos\oop 1 project\mmfc\x64\debug\mouselistener.obj
c:\users\choetaebin\source\repos\oop 1 project\mmfc\x64\debug\misc.obj
c:\users\choetaebin\source\repos\oop 1 project\mmfc\x64\debug\frame.obj
c:\users\choetaebin\source\repos\oop 1 project\mmfc\x64\debug\dialog.obj
c:\users\choetaebin\source\repos\oop 1 project\mmfc\x64\debug\container.obj
c:\users\choetaebin\source\repos\oop 1 project\mmfc\x64\debug\component.obj
c:\users\choetaebin\source\repos\oop 1 project\mmfc\x64\debug\checkbox.obj
c:\users\choetaebin\source\repos\oop 1 project\mmfc\x64\debug\button.obj
c:\users\choetaebin\source\repos\oop 1 project\mmfc\x64\debug\actionlistener.obj
c:\users\choetaebin\source\repos\oop 1 project\mmfc\x64\debug\abstractbutton.obj
c:\users\choetaebin\source\repos\oop 1 project\x64\debug\mmfc.lib
c:\users\choetaebin\source\repos\oop 1 project\mmfc\x64\debug\mmfc.tlog\cl.command.1.tlog
c:\users\choetaebin\source\repos\oop 1 project\mmfc\x64\debug\mmfc.tlog\cl.read.1.tlog
c:\users\choetaebin\source\repos\oop 1 project\mmfc\x64\debug\mmfc.tlog\cl.write.1.tlog
c:\users\choetaebin\source\repos\oop 1 project\mmfc\x64\debug\mmfc.tlog\lib-link.read.1.tlog
c:\users\choetaebin\source\repos\oop 1 project\mmfc\x64\debug\mmfc.tlog\lib-link.write.1.tlog
c:\users\choetaebin\source\repos\oop 1 project\mmfc\x64\debug\mmfc.tlog\lib.command.1.tlog
